<?xml version="1.0" encoding="UTF-8"?>
<!-- Generated by org.testng.reporters.JUnitReportReporter -->
<testsuite hostname="edulab3" failures="0" tests="1" name="base.Basetest" time="15.633" errors="0" timestamp="2024-08-16T17:24:40 IST" skipped="0">
  <testcase classname="base.Basetest" name="verifyTitle" time="15.633"/>
</testsuite> <!-- base.Basetest -->
